<?xml version="1.0" encoding="UTF-8"?>
<!-- Generated by org.testng.reporters.JUnitReportReporter -->
<testsuite hostname="LAPTOP-RDR6FRU6" failures="0" tests="2" name="TestNg.TvPurchase" time="0.234" errors="0" timestamp="07 Dec 2022 20:12:16 GMT" skipped="0">
  <testcase classname="TestNg.TvPurchase" name="login" time="0.106"/>
  <testcase classname="TestNg.TvPurchase" name="tvSearch" time="0.128"/>
</testsuite> <!-- TestNg.TvPurchase -->
