<?xml version="1.0" encoding="UTF-8"?>
<!-- Generated by org.testng.reporters.JUnitReportReporter -->
<testsuite hostname="LAPTOP-RDR6FRU6" failures="0" tests="2" name="TestNg.NewTest" time="0.004" errors="0" timestamp="08 Dec 2022 01:21:56 GMT" skipped="0">
  <testcase classname="TestNg.NewTest" name="f" time="0.003"/>
  <testcase classname="TestNg.NewTest" name="f" time="0.001"/>
</testsuite> <!-- TestNg.NewTest -->
