<?xml version="1.0" encoding="UTF-8"?>
<!-- Generated by org.testng.reporters.JUnitReportReporter -->
<testsuite hostname="LAPTOP-RDR6FRU6" failures="0" tests="3" name="TestNg.MobilePurchase" time="0.808" errors="0" timestamp="07 Dec 2022 20:12:16 GMT" skipped="1">
  <testcase classname="TestNg.MobilePurchase" name="login" time="0.126"/>
  <testcase classname="TestNg.MobilePurchase" name="mobileSearch" time="0.682"/>
  <testcase classname="TestNg.MobilePurchase" name="screenShot">
    <skipped/>
  </testcase> <!-- screenShot -->
</testsuite> <!-- TestNg.MobilePurchase -->
